<?xml version="1.0" encoding="UTF-8"?>
<testsuite xmlns:xsi="http://www.w3.org/2001/XMLSchema-instance" xsi:noNamespaceSchemaLocation="https://maven.apache.org/surefire/maven-surefire-plugin/xsd/surefire-test-report.xsd" name="TestRunner" time="10.815" tests="15" errors="0" skipped="0" failures="0">
  <properties>
[...]
</properties>
  <testcase name="testSample[1][1]" classname="TestRunner" time="1.621"/>
  <testcase name="testSample[1][2]" classname="TestRunner" time="2.355"/>
  <testcase name="testSample[2][1]" classname="TestRunner" time="0.647"/>
  <testcase name="testSample[3][1]" classname="TestRunner" time="0.37"/>
  <testcase name="testSample[4][1]" classname="TestRunner" time="0.243"/>
  <testcase name="testSample[4][2]" classname="TestRunner" time="0.481"/>
  <testcase name="testSample[4][3]" classname="TestRunner" time="0.24"/>
  <testcase name="testSample[4][4]" classname="TestRunner" time="0.206"/>
  <testcase name="testSample[4][5]" classname="TestRunner" time="0.358"/>
  <testcase name="testSample[5][1]" classname="TestRunner" time="0.516"/>
  <testcase name="testSample[5][2]" classname="TestRunner" time="0.443"/>
  <testcase name="testSample[5][3]" classname="TestRunner" time="0.473"/>
  <testcase name="testSample[5][4]" classname="TestRunner" time="0.482"/>
  <testcase name="testSample[5][5]" classname="TestRunner" time="0.618"/>
  <testcase name="testSample[6][1]" classname="TestRunner" time="0.909"/>
</testsuite>